<?xml version="1.0" encoding="UTF-8"?>
<testsuite name="com.app.validator.NoNumeralValidatorTest" tests="3" skipped="0" failures="0" errors="0" timestamp="2023-01-10T16:16:36" hostname="DESKTOP-5R8V3B7" time="0.004">
  <properties/>
  <testcase name="checkNumericString()" classname="com.app.validator.NoNumeralValidatorTest" time="0.001"/>
  <testcase name="checkAlphabeticString()" classname="com.app.validator.NoNumeralValidatorTest" time="0.0"/>
  <testcase name="checkAlphaNumericString()" classname="com.app.validator.NoNumeralValidatorTest" time="0.001"/>
  <system-out><![CDATA[]]></system-out>
  <system-err><![CDATA[]]></system-err>
</testsuite>
