<?xml version="1.0" encoding="UTF-8"?>
<testsuite name="com.app.service.PalindromeCacheServiceTest" tests="3" skipped="0" failures="0" errors="0" timestamp="2023-01-10T16:16:35" hostname="DESKTOP-5R8V3B7" time="0.237">
  <properties/>
  <testcase name="saveValueToCache()" classname="com.app.service.PalindromeCacheServiceTest" time="0.232"/>
  <testcase name="getValueFromCache()" classname="com.app.service.PalindromeCacheServiceTest" time="0.003"/>
  <testcase name="populateCache()" classname="com.app.service.PalindromeCacheServiceTest" time="0.001"/>
  <system-out><![CDATA[]]></system-out>
  <system-err><![CDATA[]]></system-err>
</testsuite>
