<?xml version="1.0" encoding="UTF-8"?>
<testsuite name="com.app.controller.PalindromeControllerTest" tests="1" skipped="0" failures="0" errors="0" timestamp="2023-01-08T12:50:36" hostname="DESKTOP-5R8V3B7" time="0.553">
  <properties/>
  <testcase name="checkPalindrome()" classname="com.app.controller.PalindromeControllerTest" time="0.553"/>
  <system-out><![CDATA[12:50:34.669 [Test worker] DEBUG org.springframework.boot.test.context.SpringBootTestContextBootstrapper - Neither @ContextConfiguration nor @ContextHierarchy found for test class [PalindromeControllerTest]: using SpringBootContextLoader
12:50:34.674 [Test worker] DEBUG org.springframework.test.context.support.AbstractContextLoader - Could not detect default resource locations for test class [com.app.controller.PalindromeControllerTest]: no resource found for suffixes {-context.xml, Context.groovy}.
12:50:34.711 [Test worker] DEBUG org.springframework.boot.test.context.SpringBootTestContextBootstrapper - Using ContextCustomizers for test class [PalindromeControllerTest]: [DisableObservabilityContextCustomizer, PropertyMappingContextCustomizer, Customizer, ImportsContextCustomizer, ExcludeFilterContextCustomizer, DuplicateJsonObjectContextCustomizer, MockitoContextCustomizer, TestRestTemplateContextCustomizer]
12:50:34.832 [Test worker] DEBUG org.springframework.test.context.util.TestContextSpringFactoriesUtils - Skipping candidate TestExecutionListener [org.springframework.test.context.transaction.TransactionalTestExecutionListener] due to a missing dependency. Specify custom TestExecutionListener classes or make the default TestExecutionListener classes and their required dependencies available. Offending class: [org/springframework/transaction/interceptor/TransactionAttributeSource]
12:50:34.834 [Test worker] DEBUG org.springframework.test.context.util.TestContextSpringFactoriesUtils - Skipping candidate TestExecutionListener [org.springframework.test.context.jdbc.SqlScriptsTestExecutionListener] due to a missing dependency. Specify custom TestExecutionListener classes or make the default TestExecutionListener classes and their required dependencies available. Offending class: [org/springframework/transaction/interceptor/TransactionAttribute]
12:50:34.837 [Test worker] DEBUG org.springframework.boot.test.context.SpringBootTestContextBootstrapper - Using TestExecutionListeners for test class [PalindromeControllerTest]: [ServletTestExecutionListener, DirtiesContextBeforeModesTestExecutionListener, ApplicationEventsTestExecutionListener, MockitoTestExecutionListener, DependencyInjectionTestExecutionListener, DirtiesContextTestExecutionListener, EventPublishingTestExecutionListener, RestDocsTestExecutionListener, MockRestServiceServerResetTestExecutionListener, MockMvcPrintOnlyOnFailureTestExecutionListener, WebDriverTestExecutionListener, MockWebServiceServerTestExecutionListener, ResetMocksTestExecutionListener]
12:50:34.838 [Test worker] DEBUG org.springframework.test.context.support.AbstractDirtiesContextTestExecutionListener - Before test class: class [PalindromeControllerTest], class annotated with @DirtiesContext [false] with mode [null]

  .   ____          _            __ _ _
 /\\ / ___'_ __ _ _(_)_ __  __ _ \ \ \ \
( ( )\___ | '_ | '_| | '_ \/ _` | \ \ \ \
 \\/  ___)| |_)| | | | | || (_| |  ) ) ) )
  '  |____| .__|_| |_|_| |_\__, | / / / /
 =========|_|==============|___/=/_/_/_/
 :: Spring Boot ::                (v3.0.1)

2023-01-08T12:50:35.122Z  INFO 14608 --- [    Test worker] c.a.controller.PalindromeControllerTest  : Starting PalindromeControllerTest using Java 17.0.5 with PID 14608 (started by prabh in C:\Users\prabh\IdeaProjects\palindrome-checker)
2023-01-08T12:50:35.123Z  INFO 14608 --- [    Test worker] c.a.controller.PalindromeControllerTest  : No active profile set, falling back to 1 default profile: "default"
2023-01-08T12:50:36.337Z  INFO 14608 --- [    Test worker] o.s.b.t.m.w.SpringBootMockServletContext : Initializing Spring TestDispatcherServlet ''
2023-01-08T12:50:36.338Z  INFO 14608 --- [    Test worker] o.s.t.web.servlet.TestDispatcherServlet  : Initializing Servlet ''
2023-01-08T12:50:36.341Z  INFO 14608 --- [    Test worker] o.s.t.web.servlet.TestDispatcherServlet  : Completed initialization in 1 ms
2023-01-08T12:50:36.373Z  INFO 14608 --- [    Test worker] c.a.controller.PalindromeControllerTest  : Started PalindromeControllerTest in 1.487 seconds (process running for 2.617)
{"userName":"abc","value":"madam","isValuePalindrome":false}
]]></system-out>
  <system-err><![CDATA[]]></system-err>
</testsuite>
