<?xml version="1.0" encoding="UTF-8"?>
<testsuite name="com.app.exception.RestExceptionHandlerTest" tests="3" skipped="0" failures="0" errors="0" timestamp="2023-01-10T16:42:51" hostname="DESKTOP-5R8V3B7" time="0.467">
  <properties/>
  <testcase name="handleHttpMessageNotReadable()" classname="com.app.exception.RestExceptionHandlerTest" time="0.391"/>
  <testcase name="handleInvalidString()" classname="com.app.exception.RestExceptionHandlerTest" time="0.033"/>
  <testcase name="handleHttpMediaTypeNotSupported()" classname="com.app.exception.RestExceptionHandlerTest" time="0.032"/>
  <system-out><![CDATA[2023-01-10T16:42:51.485Z ERROR 21500 --- [    Test worker] com.app.exception.RestExceptionHandler   : ApiError(status=400 BAD_REQUEST, timestamp=2023-01-10T16:42:51.461376900, message=Malformed JSON request, debugMessage=JSON parse error: Unexpected character ('}' (code 125)): was expecting double-quote to start field name)
2023-01-10T16:42:51.851Z ERROR 21500 --- [    Test worker] com.app.exception.RestExceptionHandler   : ApiError(status=400 BAD_REQUEST, timestamp=2023-01-10T16:42:51.851077600, message={code='ERR_0001', message='Entered value is empty or contains spaces.Please re-enter the correct string!'}, debugMessage=null)
2023-01-10T16:42:51.884Z ERROR 21500 --- [    Test worker] com.app.exception.RestExceptionHandler   : ApiError(status=415 UNSUPPORTED_MEDIA_TYPE, timestamp=2023-01-10T16:42:51.884923900, message=text/plain;charset=UTF-8 media type is not supported. Supported media types are application/json, application/*+json, debugMessage=Content-Type 'text/plain;charset=UTF-8' is not supported)
]]></system-out>
  <system-err><![CDATA[]]></system-err>
</testsuite>
