<?xml version="1.0" encoding="UTF-8"?>
<testsuite name="com.app.service.PalindromeServiceTest" tests="4" skipped="0" failures="0" errors="0" timestamp="2023-01-10T16:42:52" hostname="DESKTOP-5R8V3B7" time="0.066">
  <properties/>
  <testcase name="checkIfValueIsPalindrome_WithCacheHit_AndStringIsNotPalindrome()" classname="com.app.service.PalindromeServiceTest" time="0.047"/>
  <testcase name="checkIfValueIsPalindrome_WithCacheHit_AndStringIsPalindrome()" classname="com.app.service.PalindromeServiceTest" time="0.005"/>
  <testcase name="checkIfValueIsPalindrome_WithCacheMiss_AndStringIsNotPalindrome()" classname="com.app.service.PalindromeServiceTest" time="0.004"/>
  <testcase name="checkIfValueIsPalindrome_WithCacheMiss_AndStringIsPalindrome()" classname="com.app.service.PalindromeServiceTest" time="0.004"/>
  <system-out><![CDATA[]]></system-out>
  <system-err><![CDATA[]]></system-err>
</testsuite>
