<?xml version="1.0" encoding="UTF-8"?>
<testsuite name="com.app.validator.EmptyStringValidatorTest" tests="3" skipped="0" failures="0" errors="0" timestamp="2023-01-10T16:42:52" hostname="DESKTOP-5R8V3B7" time="0.011">
  <properties/>
  <testcase name="checkNullString()" classname="com.app.validator.EmptyStringValidatorTest" time="0.004"/>
  <testcase name="checkEmptyString()" classname="com.app.validator.EmptyStringValidatorTest" time="0.003"/>
  <testcase name="checkValidString()" classname="com.app.validator.EmptyStringValidatorTest" time="0.002"/>
  <system-out><![CDATA[]]></system-out>
  <system-err><![CDATA[]]></system-err>
</testsuite>
