<?xml version="1.0" encoding="UTF-8"?>
<testsuite name="com.app.validator.EmptyStringValidatorTest" tests="3" skipped="0" failures="0" errors="0" timestamp="2023-01-08T23:26:38" hostname="DESKTOP-5R8V3B7" time="0.003">
  <properties/>
  <testcase name="checkNullString()" classname="com.app.validator.EmptyStringValidatorTest" time="0.001"/>
  <testcase name="checkEmptyString()" classname="com.app.validator.EmptyStringValidatorTest" time="0.0"/>
  <testcase name="checkValidString()" classname="com.app.validator.EmptyStringValidatorTest" time="0.0"/>
  <system-out><![CDATA[]]></system-out>
  <system-err><![CDATA[]]></system-err>
</testsuite>
