<?xml version="1.0" encoding="UTF-8"?>
<testsuite name="com.app.service.ValidationServiceTest" tests="2" skipped="0" failures="0" errors="0" timestamp="2023-01-10T16:42:52" hostname="DESKTOP-5R8V3B7" time="0.016">
  <properties/>
  <testcase name="checkInValidString()" classname="com.app.service.ValidationServiceTest" time="0.011"/>
  <testcase name="checkValidString()" classname="com.app.service.ValidationServiceTest" time="0.002"/>
  <system-out><![CDATA[]]></system-out>
  <system-err><![CDATA[]]></system-err>
</testsuite>
