<?xml version="1.0" encoding="UTF-8"?>
<testsuite name="com.app.service.ValidationServiceTest" tests="4" skipped="0" failures="0" errors="0" timestamp="2023-01-08T15:24:39" hostname="DESKTOP-5R8V3B7" time="0.111">
  <properties/>
  <testcase name="checkNumberString()" classname="com.app.service.ValidationServiceTest" time="0.088"/>
  <testcase name="checkNullString()" classname="com.app.service.ValidationServiceTest" time="0.004"/>
  <testcase name="checkEmptyString()" classname="com.app.service.ValidationServiceTest" time="0.004"/>
  <testcase name="checkValidString()" classname="com.app.service.ValidationServiceTest" time="0.007"/>
  <system-out><![CDATA[]]></system-out>
  <system-err><![CDATA[]]></system-err>
</testsuite>
